<?xml version="1.0" encoding="UTF-8"?>
<!-- Generated by org.testng.reporters.JUnitReportReporter -->
<testsuite hostname="DESKTOP-5O9G58O" failures="0" tests="2" name="Test_SupplierApplication.TestLogin" time="11.823" errors="0" timestamp="2021-06-29T17:07:19 IST" skipped="0">
  <testcase classname="Test_SupplierApplication.TestLogin" name="Test_TourPage_Navigation" time="3.045"/>
  <system-out/>
  <testcase classname="Test_SupplierApplication.TestLogin" name="Test_SupplierLogin" time="8.778"/>
  <system-out/>
</testsuite> <!-- Test_SupplierApplication.TestLogin -->
